<?xml version="1.0" encoding="utf-8"?><testsuites><testsuite errors="0" failures="0" hostname="jenkins" name="pytest" skipped="0" tests="1" time="0.386" timestamp="2021-06-06T22:22:47.717839"><testcase classname="bmi_api.tests.test_bmi_api.TestHome" name="test_get_bmi" time="0.010" /></testsuite></testsuites>