<?xml version="1.0" encoding="utf-8"?><testsuites><testsuite errors="0" failures="0" hostname="jenkins" name="pytest" skipped="0" tests="1" time="0.413" timestamp="2021-06-06T22:22:49.559344"><testcase classname="weight_api.tests.test_weight_api.TestHome" name="test_get_weight" time="0.032" /></testsuite></testsuites>