<?xml version="1.0" encoding="utf-8"?><testsuites><testsuite errors="0" failures="0" hostname="jenkins" name="pytest" skipped="0" tests="1" time="0.416" timestamp="2021-06-06T22:22:48.630603"><testcase classname="height_api.tests.test_height_api.TestHome" name="test_get_height" time="0.032" /></testsuite></testsuites>