<?xml version="1.0" encoding="utf-8"?><testsuites><testsuite errors="0" failures="0" hostname="jenkins" name="pytest" skipped="0" tests="1" time="0.704" timestamp="2021-06-06T22:22:46.468637"><testcase classname="server.tests.test_server.TestHome" name="test_home" time="0.079" /></testsuite></testsuites>