<?xml version="1.0" encoding="utf-8"?><testsuites><testsuite name="pytest" errors="0" failures="0" skipped="0" tests="4" time="1.192" timestamp="2021-06-06T18:13:44.110979" hostname="instance-1"><testcase classname="bmi_api.tests.test_bmi_api.TestHome" name="test_get_bmi" time="0.029" /><testcase classname="height_api.tests.test_height_api.TestHome" name="test_get_height" time="0.108" /><testcase classname="server.tests.test_server.TestHome" name="test_home" time="0.122" /><testcase classname="weight_api.tests.test_weight_api.TestHome" name="test_get_weight" time="0.036" /></testsuite></testsuites>